<?xml version="1.0" encoding="UTF-8"?>
<!-- Generated by org.testng.reporters.JUnitReportReporter -->
<testsuite skipped="0" hostname="TANERs-MBP.home" name="logInTest.LogInTests" tests="1" failures="0" timestamp="12 Jul 2018 19:50:10 GMT" time="3.095" errors="0">
  <testcase name="logInUsingProperties" time="3.095" classname="logInTest.LogInTests"/>
</testsuite> <!-- logInTest.LogInTests -->
